[35m[Appium][39m Welcome to Appium v1.21.0
[35m[Appium][39m Non-default server args:
[35m[Appium][39m   port: 49614
[35m[Appium][39m   loglevel: info
[35m[Appium][39m   tmpDir: C:\Users\NAFIH_~1\AppData\Local\Temp\\Katalon\Appium\Temp1629428541920
[35m[Appium][39m   chromedriverPort: 52516
[35m[Appium][39m Deprecated server args:
[35m[Appium][39m   [31m--chromedriver-port[39m => --default-capabilities
[35m[Appium][39m Default capabilities, which will be added to each request unless overridden by desired capabilities:
[35m[Appium][39m   chromedriverPort: 52516
[35m[Appium][39m Appium REST http interface listener started on 0.0.0.0:49614
[35m[HTTP][39m [37m-->[39m [37mGET[39m [37m/wd/hub/status[39m
[35m[HTTP][39m [90m{}[39m
[35m[HTTP][39m [37m<-- GET /wd/hub/status [39m[32m200[39m [90m15 ms - 68[39m
[35m[HTTP][39m [90m[39m
[35m[HTTP][39m [37m-->[39m [37mGET[39m [37m/wd/hub/status[39m
[35m[HTTP][39m [90m{}[39m
[35m[HTTP][39m [37m<-- GET /wd/hub/status [39m[32m200[39m [90m3 ms - 68[39m
[35m[HTTP][39m [90m[39m
[35m[HTTP][39m [37m-->[39m [37mPOST[39m [37m/wd/hub/session[39m
[35m[HTTP][39m [90m{"desiredCapabilities":{"app":"C:\\Users\\nafih_000\\Downloads\\foody.apk","noReset":true,"deviceName":"Xiaomi Redmi 4X (Android 7.1.2)","fullReset":false,"platform":"ANDROID","newCommandTimeout":1800,"platformVersion":"7.1.2","automationName":"uiautomator2","autoGrantPermissions":true,"platformName":"Android","udid":"a79485d7d140","systemPort":53161},"capabilities":{"firstMatch":[{"appium:app":"C:\\Users\\nafih_000\\Downloads\\foody.apk","appium:autoGrantPermissions":true,"appium:automationName":"uiautomator2","appium:deviceName":"Xiaomi Redmi 4X (Android 7.1.2)","appium:fullReset":false,"appium:newCommandTimeout":1800,"appium:noReset":true,"platform":"ANDROID","platformName":"android","appium:platformVersion":"7.1.2","appium:systemPort":53161,"appium:udid":"a79485d7d140"}]}}[39m
[35m[BaseDriver][39m The following capabilities are not standard capabilities and should have an extension prefix:
[35m[BaseDriver][39m   platform
[35m[BaseDriver][39m   chromedriverPort
[35m[Appium][39m Appium v1.21.0 creating new AndroidUiautomator2Driver (v1.65.0) session
[35m[BaseDriver][39m The following capabilities were provided, but are not recognized by Appium:
[35m[BaseDriver][39m   platform
[35m[BaseDriver][39m Session created with session id: 30b01eae-3bfe-431e-9654-98f21c9659d1
[35m[BaseDriver][39m Using local app 'C:\Users\nafih_000\Downloads\foody.apk'
[35m[ADB][39m Found 1 'build-tools' folders under 'C:\Users\nafih_000\.katalon\tools\android_sdk' (newest first):
[35m[ADB][39m     C:/Users/nafih_000/.katalon/tools/android_sdk/build-tools/29.0.3
[35m[ADB][39m Using 'adb.exe' from 'C:\Users\nafih_000\.katalon\tools\android_sdk\platform-tools\adb.exe'
[35m[AndroidDriver][39m Retrieving device list
[35m[AndroidDriver][39m Using device: a79485d7d140
[35m[ADB][39m Using 'adb.exe' from 'C:\Users\nafih_000\.katalon\tools\android_sdk\platform-tools\adb.exe'
[35m[ADB][39m Package name: 'com.foody.vn.activity'
[35m[ADB][39m Main activity name: 'com.foody.ui.activities.NewFlashActivity'
[35m[ADB][39m Using 'apksigner.jar' from 'C:\Users\nafih_000\.katalon\tools\android_sdk\build-tools\29.0.3\lib\apksigner.jar'
[35m[ADB][39m 'C:\Users\nafih_000\AppData\Roaming\npm\node_modules\appium\node_modules\appium-uiautomator2-server\apks\appium-uiautomator2-server-v4.21.1.apk' is signed with the default certificate
[35m[ADB][39m 'C:\Users\nafih_000\AppData\Roaming\npm\node_modules\appium\node_modules\appium-uiautomator2-server\apks\appium-uiautomator2-server-debug-androidTest.apk' is signed with the default certificate
[35m[UiAutomator2][39m Server packages are not going to be (re)installed
[35m[ADB][39m Adding packages ["io.appium.settings","io.appium.uiautomator2.server","io.appium.uiautomator2.server.test"] to Doze whitelist
[35m[ADB][39m 'C:\Users\nafih_000\Downloads\foody.apk' is signed with a non-default certificate
[35m[UiAutomator2][39m Starting UIAutomator2 server 4.21.1
[35m[UiAutomator2][39m Using UIAutomator2 server from 'C:\Users\nafih_000\AppData\Roaming\npm\node_modules\appium\node_modules\appium-uiautomator2-server\apks\appium-uiautomator2-server-v4.21.1.apk' and test from 'C:\Users\nafih_000\AppData\Roaming\npm\node_modules\appium\node_modules\appium-uiautomator2-server\apks\appium-uiautomator2-server-debug-androidTest.apk'
[35m[UiAutomator2][39m Waiting up to 30000ms for UiAutomator2 to be online...
[35m[WD Proxy][39m socket hang up
[35m[WD Proxy][39m socket hang up
[35m[WD Proxy][39m socket hang up
[35m[WD Proxy][39m Determined the downstream protocol as 'W3C'
[35m[AndroidDriver][39m Screen already unlocked, doing nothing
[35m[UiAutomator2][39m Starting 'com.foody.vn.activity/com.foody.ui.activities.NewFlashActivity and waiting for 'com.foody.vn.activity/com.foody.ui.activities.NewFlashActivity'
[35m[Appium][39m New AndroidUiautomator2Driver session created successfully, session 30b01eae-3bfe-431e-9654-98f21c9659d1 added to master session list
[35m[HTTP][39m [37m<-- POST /wd/hub/session [39m[32m200[39m [90m17318 ms - 1246[39m
[35m[HTTP][39m [90m[39m
[35m[HTTP][39m [37m-->[39m [37mGET[39m [37m/wd/hub/session/30b01eae-3bfe-431e-9654-98f21c9659d1[39m
[35m[HTTP][39m [90m{}[39m
[35m[HTTP][39m [37m<-- GET /wd/hub/session/30b01eae-3bfe-431e-9654-98f21c9659d1 [39m[32m200[39m [90m15 ms - 1200[39m
[35m[HTTP][39m [90m[39m
[35m[HTTP][39m [37m-->[39m [37mGET[39m [37m/wd/hub/session/30b01eae-3bfe-431e-9654-98f21c9659d1[39m
[35m[HTTP][39m [90m{}[39m
[35m[HTTP][39m [37m<-- GET /wd/hub/session/30b01eae-3bfe-431e-9654-98f21c9659d1 [39m[32m200[39m [90m10 ms - 1200[39m
[35m[HTTP][39m [90m[39m
[35m[HTTP][39m [37m-->[39m [37mGET[39m [37m/wd/hub/status[39m
[35m[HTTP][39m [90m{}[39m
[35m[HTTP][39m [37m<-- GET /wd/hub/status [39m[32m200[39m [90m2 ms - 68[39m
[35m[HTTP][39m [90m[39m
[35m[HTTP][39m [37m-->[39m [37mPOST[39m [37m/wd/hub/session/30b01eae-3bfe-431e-9654-98f21c9659d1/timeouts[39m
[35m[HTTP][39m [90m{"implicit":60000}[39m
[35m[HTTP][39m [37m<-- POST /wd/hub/session/30b01eae-3bfe-431e-9654-98f21c9659d1/timeouts [39m[32m200[39m [90m5 ms - 14[39m
[35m[HTTP][39m [90m[39m
[35m[HTTP][39m [37m-->[39m [37mGET[39m [37m/wd/hub/session/30b01eae-3bfe-431e-9654-98f21c9659d1/source[39m
[35m[HTTP][39m [90m{}[39m
[35m[W3C (30b01eae)][39m Driver proxy active, passing request on via HTTP proxy
[35m[WD Proxy][39m Replacing sessionId 4dd2dfe0-cb8a-40c1-ac7d-cc8d253ea66c with 30b01eae-3bfe-431e-9654-98f21c9659d1
[35m[HTTP][39m [37m<-- GET /wd/hub/session/30b01eae-3bfe-431e-9654-98f21c9659d1/source [39m[32m200[39m [90m4934 ms - 5880[39m
[35m[HTTP][39m [90m[39m
[35m[HTTP][39m [37m-->[39m [37mGET[39m [37m/wd/hub/session/30b01eae-3bfe-431e-9654-98f21c9659d1/screenshot[39m
[35m[HTTP][39m [90m{}[39m
[35m[HTTP][39m [37m<-- GET /wd/hub/session/30b01eae-3bfe-431e-9654-98f21c9659d1/screenshot [39m[32m200[39m [90m560 ms - 49440[39m
[35m[HTTP][39m [90m[39m
[35m[HTTP][39m [37m-->[39m [37mGET[39m [37m/wd/hub/session/30b01eae-3bfe-431e-9654-98f21c9659d1/source[39m
[35m[HTTP][39m [90m{}[39m
[35m[W3C (30b01eae)][39m Driver proxy active, passing request on via HTTP proxy
[35m[WD Proxy][39m Replacing sessionId 4dd2dfe0-cb8a-40c1-ac7d-cc8d253ea66c with 30b01eae-3bfe-431e-9654-98f21c9659d1
[35m[HTTP][39m [37m<-- GET /wd/hub/session/30b01eae-3bfe-431e-9654-98f21c9659d1/source [39m[32m200[39m [90m197 ms - 15341[39m
[35m[HTTP][39m [90m[39m
[35m[HTTP][39m [37m-->[39m [37mGET[39m [37m/wd/hub/session/30b01eae-3bfe-431e-9654-98f21c9659d1/screenshot[39m
[35m[HTTP][39m [90m{}[39m
[35m[HTTP][39m [37m<-- GET /wd/hub/session/30b01eae-3bfe-431e-9654-98f21c9659d1/screenshot [39m[32m200[39m [90m574 ms - 95234[39m
[35m[HTTP][39m [90m[39m
[35m[HTTP][39m [37m-->[39m [37mPOST[39m [37m/wd/hub/session/30b01eae-3bfe-431e-9654-98f21c9659d1/elements[39m
[35m[HTTP][39m [90m{"using":"xpath","value":"//*[@class = 'android.widget.TextView' and (@text = 'Save to place collections' or . = 'Save to place collections') and @resource-id = 'com.foody.vn.activity:id/tvTitle']"}[39m
[35m[HTTP][39m [37m<-- POST /wd/hub/session/30b01eae-3bfe-431e-9654-98f21c9659d1/elements [39m[32m200[39m [90m155 ms - 139[39m
[35m[HTTP][39m [90m[39m
[35m[HTTP][39m [37m-->[39m [37mGET[39m [37m/wd/hub/session/30b01eae-3bfe-431e-9654-98f21c9659d1/window/rect[39m
[35m[HTTP][39m [90m{}[39m
[35m[HTTP][39m [37m<-- GET /wd/hub/session/30b01eae-3bfe-431e-9654-98f21c9659d1/window/rect [39m[32m200[39m [90m41 ms - 49[39m
[35m[HTTP][39m [90m[39m
[35m[HTTP][39m [37m-->[39m [37mPOST[39m [37m/wd/hub/session/30b01eae-3bfe-431e-9654-98f21c9659d1/elements[39m
[35m[HTTP][39m [90m{"using":"xpath","value":"//*[@class = 'android.widget.TextView' and (@text = 'Save to place collections' or . = 'Save to place collections') and @resource-id = 'com.foody.vn.activity:id/tvTitle']"}[39m
[35m[HTTP][39m [37m<-- POST /wd/hub/session/30b01eae-3bfe-431e-9654-98f21c9659d1/elements [39m[32m200[39m [90m96 ms - 139[39m
[35m[HTTP][39m [90m[39m
[35m[HTTP][39m [37m-->[39m [37mGET[39m [37m/wd/hub/session/30b01eae-3bfe-431e-9654-98f21c9659d1/element/10029e8e-f92a-4f0f-a6be-2e097dea9e3a/location[39m
[35m[HTTP][39m [90m{}[39m
[35m[W3C (30b01eae)][39m Driver proxy active, passing request on via HTTP proxy
[35m[WD Proxy][39m Replacing sessionId 4dd2dfe0-cb8a-40c1-ac7d-cc8d253ea66c with 30b01eae-3bfe-431e-9654-98f21c9659d1
[35m[HTTP][39m [37m<-- GET /wd/hub/session/30b01eae-3bfe-431e-9654-98f21c9659d1/element/10029e8e-f92a-4f0f-a6be-2e097dea9e3a/location [39m[32m200[39m [90m40 ms - 78[39m
[35m[HTTP][39m [90m[39m
[35m[HTTP][39m [37m-->[39m [37mGET[39m [37m/wd/hub/session/30b01eae-3bfe-431e-9654-98f21c9659d1/element/10029e8e-f92a-4f0f-a6be-2e097dea9e3a/text[39m
[35m[HTTP][39m [90m{}[39m
[35m[W3C (30b01eae)][39m Driver proxy active, passing request on via HTTP proxy
[35m[WD Proxy][39m Replacing sessionId 4dd2dfe0-cb8a-40c1-ac7d-cc8d253ea66c with 30b01eae-3bfe-431e-9654-98f21c9659d1
[35m[HTTP][39m [37m<-- GET /wd/hub/session/30b01eae-3bfe-431e-9654-98f21c9659d1/element/10029e8e-f92a-4f0f-a6be-2e097dea9e3a/text [39m[32m200[39m [90m22 ms - 88[39m
[35m[HTTP][39m [90m[39m
[35m[HTTP][39m [37m-->[39m [37mGET[39m [37m/wd/hub/session/30b01eae-3bfe-431e-9654-98f21c9659d1/source[39m
[35m[HTTP][39m [90m{}[39m
[35m[W3C (30b01eae)][39m Driver proxy active, passing request on via HTTP proxy
[35m[WD Proxy][39m Replacing sessionId 4dd2dfe0-cb8a-40c1-ac7d-cc8d253ea66c with 30b01eae-3bfe-431e-9654-98f21c9659d1
[35m[HTTP][39m [37m<-- GET /wd/hub/session/30b01eae-3bfe-431e-9654-98f21c9659d1/source [39m[32m200[39m [90m175 ms - 15341[39m
[35m[HTTP][39m [90m[39m
[35m[HTTP][39m [37m-->[39m [37mGET[39m [37m/wd/hub/session/30b01eae-3bfe-431e-9654-98f21c9659d1/screenshot[39m
[35m[HTTP][39m [90m{}[39m
[35m[HTTP][39m [37m<-- GET /wd/hub/session/30b01eae-3bfe-431e-9654-98f21c9659d1/screenshot [39m[32m200[39m [90m579 ms - 95316[39m
[35m[HTTP][39m [90m[39m
[35m[HTTP][39m [37m-->[39m [37mGET[39m [37m/wd/hub/session/30b01eae-3bfe-431e-9654-98f21c9659d1/source[39m
[35m[HTTP][39m [90m{}[39m
[35m[W3C (30b01eae)][39m Driver proxy active, passing request on via HTTP proxy
[35m[WD Proxy][39m Replacing sessionId 4dd2dfe0-cb8a-40c1-ac7d-cc8d253ea66c with 30b01eae-3bfe-431e-9654-98f21c9659d1
[35m[HTTP][39m [37m<-- GET /wd/hub/session/30b01eae-3bfe-431e-9654-98f21c9659d1/source [39m[32m200[39m [90m482 ms - 6608[39m
[35m[HTTP][39m [90m[39m
[35m[HTTP][39m [37m-->[39m [37mGET[39m [37m/wd/hub/session/30b01eae-3bfe-431e-9654-98f21c9659d1/screenshot[39m
[35m[HTTP][39m [90m{}[39m
[35m[HTTP][39m [37m<-- GET /wd/hub/session/30b01eae-3bfe-431e-9654-98f21c9659d1/screenshot [39m[32m200[39m [90m559 ms - 89072[39m
[35m[HTTP][39m [90m[39m
[35m[HTTP][39m [37m-->[39m [37mPOST[39m [37m/wd/hub/session/30b01eae-3bfe-431e-9654-98f21c9659d1/elements[39m
[35m[HTTP][39m [90m{"using":"xpath","value":"//*[@class = 'android.widget.TextView' and (@text = 'Create new place collection' or . = 'Create new place collection') and @resource-id = 'com.foody.vn.activity:id/title']"}[39m
[35m[HTTP][39m [37m<-- POST /wd/hub/session/30b01eae-3bfe-431e-9654-98f21c9659d1/elements [39m[32m200[39m [90m58 ms - 139[39m
[35m[HTTP][39m [90m[39m
[35m[HTTP][39m [37m-->[39m [37mGET[39m [37m/wd/hub/session/30b01eae-3bfe-431e-9654-98f21c9659d1/window/rect[39m
[35m[HTTP][39m [90m{}[39m
[35m[HTTP][39m [37m<-- GET /wd/hub/session/30b01eae-3bfe-431e-9654-98f21c9659d1/window/rect [39m[32m200[39m [90m21 ms - 49[39m
[35m[HTTP][39m [90m[39m
[35m[HTTP][39m [37m-->[39m [37mPOST[39m [37m/wd/hub/session/30b01eae-3bfe-431e-9654-98f21c9659d1/elements[39m
[35m[HTTP][39m [90m{"using":"xpath","value":"//*[@class = 'android.widget.TextView' and (@text = 'Create new place collection' or . = 'Create new place collection') and @resource-id = 'com.foody.vn.activity:id/title']"}[39m
[35m[HTTP][39m [37m<-- POST /wd/hub/session/30b01eae-3bfe-431e-9654-98f21c9659d1/elements [39m[32m200[39m [90m67 ms - 139[39m
[35m[HTTP][39m [90m[39m
[35m[HTTP][39m [37m-->[39m [37mGET[39m [37m/wd/hub/session/30b01eae-3bfe-431e-9654-98f21c9659d1/element/d36880ca-9d54-432a-95e0-de15839aa20e/location[39m
[35m[HTTP][39m [90m{}[39m
[35m[W3C (30b01eae)][39m Driver proxy active, passing request on via HTTP proxy
[35m[WD Proxy][39m Replacing sessionId 4dd2dfe0-cb8a-40c1-ac7d-cc8d253ea66c with 30b01eae-3bfe-431e-9654-98f21c9659d1
[35m[HTTP][39m [37m<-- GET /wd/hub/session/30b01eae-3bfe-431e-9654-98f21c9659d1/element/d36880ca-9d54-432a-95e0-de15839aa20e/location [39m[32m200[39m [90m24 ms - 77[39m
[35m[HTTP][39m [90m[39m
[35m[HTTP][39m [37m-->[39m [37mGET[39m [37m/wd/hub/session/30b01eae-3bfe-431e-9654-98f21c9659d1/element/d36880ca-9d54-432a-95e0-de15839aa20e/text[39m
[35m[HTTP][39m [90m{}[39m
[35m[W3C (30b01eae)][39m Driver proxy active, passing request on via HTTP proxy
[35m[WD Proxy][39m Replacing sessionId 4dd2dfe0-cb8a-40c1-ac7d-cc8d253ea66c with 30b01eae-3bfe-431e-9654-98f21c9659d1
[35m[HTTP][39m [37m<-- GET /wd/hub/session/30b01eae-3bfe-431e-9654-98f21c9659d1/element/d36880ca-9d54-432a-95e0-de15839aa20e/text [39m[32m200[39m [90m20 ms - 90[39m
[35m[HTTP][39m [90m[39m
[35m[HTTP][39m [37m-->[39m [37mGET[39m [37m/wd/hub/session/30b01eae-3bfe-431e-9654-98f21c9659d1/source[39m
[35m[HTTP][39m [90m{}[39m
[35m[W3C (30b01eae)][39m Driver proxy active, passing request on via HTTP proxy
[35m[WD Proxy][39m Replacing sessionId 4dd2dfe0-cb8a-40c1-ac7d-cc8d253ea66c with 30b01eae-3bfe-431e-9654-98f21c9659d1
[35m[HTTP][39m [37m<-- GET /wd/hub/session/30b01eae-3bfe-431e-9654-98f21c9659d1/source [39m[32m200[39m [90m265 ms - 6608[39m
[35m[HTTP][39m [90m[39m
[35m[HTTP][39m [37m-->[39m [37mGET[39m [37m/wd/hub/session/30b01eae-3bfe-431e-9654-98f21c9659d1/screenshot[39m
[35m[HTTP][39m [90m{}[39m
[35m[HTTP][39m [37m<-- GET /wd/hub/session/30b01eae-3bfe-431e-9654-98f21c9659d1/screenshot [39m[32m200[39m [90m542 ms - 89064[39m
[35m[HTTP][39m [90m[39m
[35m[HTTP][39m [37m-->[39m [37mGET[39m [37m/wd/hub/session/30b01eae-3bfe-431e-9654-98f21c9659d1/source[39m
[35m[HTTP][39m [90m{}[39m
[35m[W3C (30b01eae)][39m Driver proxy active, passing request on via HTTP proxy
[35m[WD Proxy][39m Replacing sessionId 4dd2dfe0-cb8a-40c1-ac7d-cc8d253ea66c with 30b01eae-3bfe-431e-9654-98f21c9659d1
[35m[HTTP][39m [37m<-- GET /wd/hub/session/30b01eae-3bfe-431e-9654-98f21c9659d1/source [39m[32m200[39m [90m79 ms - 6567[39m
[35m[HTTP][39m [90m[39m
[35m[HTTP][39m [37m-->[39m [37mGET[39m [37m/wd/hub/session/30b01eae-3bfe-431e-9654-98f21c9659d1/screenshot[39m
[35m[HTTP][39m [90m{}[39m
[35m[HTTP][39m [37m<-- GET /wd/hub/session/30b01eae-3bfe-431e-9654-98f21c9659d1/screenshot [39m[32m200[39m [90m530 ms - 72578[39m
[35m[HTTP][39m [90m[39m
[35m[HTTP][39m [37m-->[39m [37mPOST[39m [37m/wd/hub/session/30b01eae-3bfe-431e-9654-98f21c9659d1/elements[39m
[35m[HTTP][39m [90m{"using":"xpath","value":"//*[@class = 'android.widget.TextView' and (@text = 'Collection is created successfully' or . = 'Collection is created successfully') and @resource-id = 'android:id/message']"}[39m
[35m[HTTP][39m [37m<-- POST /wd/hub/session/30b01eae-3bfe-431e-9654-98f21c9659d1/elements [39m[32m200[39m [90m64 ms - 139[39m
[35m[HTTP][39m [90m[39m
[35m[HTTP][39m [37m-->[39m [37mGET[39m [37m/wd/hub/session/30b01eae-3bfe-431e-9654-98f21c9659d1/window/rect[39m
[35m[HTTP][39m [90m{}[39m
[35m[HTTP][39m [37m<-- GET /wd/hub/session/30b01eae-3bfe-431e-9654-98f21c9659d1/window/rect [39m[32m200[39m [90m12 ms - 49[39m
[35m[HTTP][39m [90m[39m
[35m[HTTP][39m [37m-->[39m [37mPOST[39m [37m/wd/hub/session/30b01eae-3bfe-431e-9654-98f21c9659d1/elements[39m
[35m[HTTP][39m [90m{"using":"xpath","value":"//*[@class = 'android.widget.TextView' and (@text = 'Collection is created successfully' or . = 'Collection is created successfully') and @resource-id = 'android:id/message']"}[39m
[35m[HTTP][39m [37m<-- POST /wd/hub/session/30b01eae-3bfe-431e-9654-98f21c9659d1/elements [39m[32m200[39m [90m70 ms - 139[39m
[35m[HTTP][39m [90m[39m
[35m[HTTP][39m [37m-->[39m [37mGET[39m [37m/wd/hub/session/30b01eae-3bfe-431e-9654-98f21c9659d1/element/aeed8fb0-3184-4cbc-bad0-a7ec32229446/location[39m
[35m[HTTP][39m [90m{}[39m
[35m[W3C (30b01eae)][39m Driver proxy active, passing request on via HTTP proxy
[35m[WD Proxy][39m Replacing sessionId 4dd2dfe0-cb8a-40c1-ac7d-cc8d253ea66c with 30b01eae-3bfe-431e-9654-98f21c9659d1
[35m[HTTP][39m [37m<-- GET /wd/hub/session/30b01eae-3bfe-431e-9654-98f21c9659d1/element/aeed8fb0-3184-4cbc-bad0-a7ec32229446/location [39m[32m200[39m [90m23 ms - 77[39m
[35m[HTTP][39m [90m[39m
[35m[HTTP][39m [37m-->[39m [37mGET[39m [37m/wd/hub/session/30b01eae-3bfe-431e-9654-98f21c9659d1/element/aeed8fb0-3184-4cbc-bad0-a7ec32229446/text[39m
[35m[HTTP][39m [90m{}[39m
[35m[W3C (30b01eae)][39m Driver proxy active, passing request on via HTTP proxy
[35m[WD Proxy][39m Replacing sessionId 4dd2dfe0-cb8a-40c1-ac7d-cc8d253ea66c with 30b01eae-3bfe-431e-9654-98f21c9659d1
[35m[HTTP][39m [37m<-- GET /wd/hub/session/30b01eae-3bfe-431e-9654-98f21c9659d1/element/aeed8fb0-3184-4cbc-bad0-a7ec32229446/text [39m[32m200[39m [90m24 ms - 97[39m
[35m[HTTP][39m [90m[39m
[35m[HTTP][39m [37m-->[39m [37mGET[39m [37m/wd/hub/session/30b01eae-3bfe-431e-9654-98f21c9659d1/source[39m
[35m[HTTP][39m [90m{}[39m
[35m[W3C (30b01eae)][39m Driver proxy active, passing request on via HTTP proxy
[35m[WD Proxy][39m Replacing sessionId 4dd2dfe0-cb8a-40c1-ac7d-cc8d253ea66c with 30b01eae-3bfe-431e-9654-98f21c9659d1
[35m[HTTP][39m [37m<-- GET /wd/hub/session/30b01eae-3bfe-431e-9654-98f21c9659d1/source [39m[32m200[39m [90m99 ms - 6567[39m
[35m[HTTP][39m [90m[39m
[35m[HTTP][39m [37m-->[39m [37mGET[39m [37m/wd/hub/session/30b01eae-3bfe-431e-9654-98f21c9659d1/screenshot[39m
[35m[HTTP][39m [90m{}[39m
[35m[HTTP][39m [37m<-- GET /wd/hub/session/30b01eae-3bfe-431e-9654-98f21c9659d1/screenshot [39m[32m200[39m [90m497 ms - 72188[39m
[35m[HTTP][39m [90m[39m
[35m[HTTP][39m [37m-->[39m [37mDELETE[39m [37m/wd/hub/session/30b01eae-3bfe-431e-9654-98f21c9659d1[39m
[35m[HTTP][39m [90m{}[39m
[35m[Appium][39m Removing session 30b01eae-3bfe-431e-9654-98f21c9659d1 from our master session list
[35m[HTTP][39m [37m<-- DELETE /wd/hub/session/30b01eae-3bfe-431e-9654-98f21c9659d1 [39m[32m200[39m [90m1276 ms - 14[39m
[35m[HTTP][39m [90m[39m
